<?xml version="1.0" encoding="UTF-8"?>
<!-- Generated by org.testng.reporters.JUnitXMLReporter -->
<testsuite ignored="2" hostname="DESKTOP-658FC88" failures="1" tests="1" name="Test1" time="0.031" errors="0" timestamp="12 Aug 2018 15:02:59 GMT">
  <testcase classname="com.gmail.qa.tests.IntroductionPageTest" name="validateIntroPageTitleTest" time="0.015">
    <failure type="java.lang.NullPointerException">
      <![CDATA[java.lang.NullPointerException
at com.gmail.qa.tests.IntroductionPageTest.validateIntroPageTitleTest(IntroductionPageTest.java:34)
... Removed 29 stack frames]]>
    </failure>
  </testcase> <!-- validateIntroPageTitleTest -->
  <testcase classname="com.gmail.qa.tests.IntroductionPageTest" name="GmailLogoTest" time="0.0">
    <ignored/>
  </testcase> <!-- GmailLogoTest -->
  <testcase classname="com.gmail.qa.tests.IntroductionPageTest" name="signInTest" time="0.0">
    <ignored/>
  </testcase> <!-- signInTest -->
</testsuite> <!-- Test1 -->
