-------------------------------------------------------------------------------
Test set: TestSuite
-------------------------------------------------------------------------------
Tests run: 1, Failures: 1, Errors: 0, Skipped: 0, Time elapsed: 0.562 s <<< FAILURE! - in TestSuite
validateIntroPageTitleTest(com.gmail.qa.tests.IntroductionPageTest)  Time elapsed: 0.015 s  <<< FAILURE!
java.lang.NullPointerException
	at com.gmail.qa.tests.IntroductionPageTest.validateIntroPageTitleTest(IntroductionPageTest.java:34)

